
> tekuma-curation@1.0.0 start /home/stwhite/tekuma/curator
> webpack-dev-server --https --port 8080 --cert tests/cert/selfsigned.crt --cacert tests/cert/selfsigned.csr --key tests/cert/selfsigned.key

events.js:160
      throw er; // Unhandled 'error' event
      ^

Error: listen EADDRINUSE 127.0.0.1:8080
    at Object.exports._errnoException (util.js:1026:11)
    at exports._exceptionWithHostPort (util.js:1049:20)
    at Server._listen2 (net.js:1262:14)
    at listen (net.js:1298:10)
    at net.js:1397:7
    at GetAddrInfoReqWrap.asyncCallback [as callback] (dns.js:62:16)
    at GetAddrInfoReqWrap.onlookup [as oncomplete] (dns.js:81:10)

npm ERR! Linux 4.4.0-47-generic
npm ERR! argv "/usr/local/bin/node" "/usr/local/bin/npm" "run" "start"
npm ERR! node v7.0.0
npm ERR! npm  v3.10.8
npm ERR! code ELIFECYCLE
npm ERR! tekuma-curation@1.0.0 start: `webpack-dev-server --https --port 8080 --cert tests/cert/selfsigned.crt --cacert tests/cert/selfsigned.csr --key tests/cert/selfsigned.key`
npm ERR! Exit status 1
npm ERR! 
npm ERR! Failed at the tekuma-curation@1.0.0 start script 'webpack-dev-server --https --port 8080 --cert tests/cert/selfsigned.crt --cacert tests/cert/selfsigned.csr --key tests/cert/selfsigned.key'.
npm ERR! Make sure you have the latest version of node.js and npm installed.
npm ERR! If you do, this is most likely a problem with the tekuma-curation package,
npm ERR! not with npm itself.
npm ERR! Tell the author that this fails on your system:
npm ERR!     webpack-dev-server --https --port 8080 --cert tests/cert/selfsigned.crt --cacert tests/cert/selfsigned.csr --key tests/cert/selfsigned.key
npm ERR! You can get information on how to open an issue for this project with:
npm ERR!     npm bugs tekuma-curation
npm ERR! Or if that isn't available, you can get their info via:
npm ERR!     npm owner ls tekuma-curation
npm ERR! There is likely additional logging output above.

npm ERR! Please include the following file with any support request:
npm ERR!     /home/stwhite/tekuma/curator/npm-debug.log

> tekuma-curation@1.0.0 start /home/stwhite/tekuma/curator
> webpack-dev-server --https --port 8080 --cert tests/cert/selfsigned.crt --cacert tests/cert/selfsigned.csr --key tests/cert/selfsigned.key

events.js:160
      throw er; // Unhandled 'error' event
      ^

Error: listen EADDRINUSE 127.0.0.1:8080
    at Object.exports._errnoException (util.js:1026:11)
    at exports._exceptionWithHostPort (util.js:1049:20)
    at Server._listen2 (net.js:1262:14)
    at listen (net.js:1298:10)
    at net.js:1397:7
    at GetAddrInfoReqWrap.asyncCallback [as callback] (dns.js:62:16)
    at GetAddrInfoReqWrap.onlookup [as oncomplete] (dns.js:81:10)

npm ERR! Linux 4.4.0-47-generic
npm ERR! argv "/usr/local/bin/node" "/usr/local/bin/npm" "run" "start"
npm ERR! node v7.0.0
npm ERR! npm  v3.10.8
npm ERR! code ELIFECYCLE
npm ERR! tekuma-curation@1.0.0 start: `webpack-dev-server --https --port 8080 --cert tests/cert/selfsigned.crt --cacert tests/cert/selfsigned.csr --key tests/cert/selfsigned.key`
npm ERR! Exit status 1
npm ERR! 
npm ERR! Failed at the tekuma-curation@1.0.0 start script 'webpack-dev-server --https --port 8080 --cert tests/cert/selfsigned.crt --cacert tests/cert/selfsigned.csr --key tests/cert/selfsigned.key'.
npm ERR! Make sure you have the latest version of node.js and npm installed.
npm ERR! If you do, this is most likely a problem with the tekuma-curation package,
npm ERR! not with npm itself.
npm ERR! Tell the author that this fails on your system:
npm ERR!     webpack-dev-server --https --port 8080 --cert tests/cert/selfsigned.crt --cacert tests/cert/selfsigned.csr --key tests/cert/selfsigned.key
npm ERR! You can get information on how to open an issue for this project with:
npm ERR!     npm bugs tekuma-curation
npm ERR! Or if that isn't available, you can get their info via:
npm ERR!     npm owner ls tekuma-curation
npm ERR! There is likely additional logging output above.

npm ERR! Please include the following file with any support request:
npm ERR!     /home/stwhite/tekuma/curator/npm-debug.log
